TN:
SF:app.js
FNF:0
FNH:0
DA:1,13
DA:2,13
DA:5,13
DA:6,13
DA:7,13
DA:8,13
DA:9,13
DA:10,13
DA:12,13
DA:13,13
DA:14,13
DA:16,13
DA:17,13
DA:23,13
LF:14
LH:14
BRDA:1,0,0,13
BRDA:1,0,1,0
BRDA:7,1,0,13
BRDA:7,1,1,13
BRF:4
BRH:3
end_of_record
TN:
SF:controllers\IdolController.js
FN:9,(anonymous_0)
FN:28,(anonymous_1)
FN:43,(anonymous_2)
FN:68,(anonymous_3)
FN:80,(anonymous_4)
FN:89,(anonymous_5)
FN:98,(anonymous_6)
FNF:7
FNH:7
FNDA:3,(anonymous_0)
FNDA:1,(anonymous_1)
FNDA:2,(anonymous_2)
FNDA:2,(anonymous_3)
FNDA:2,(anonymous_4)
FNDA:2,(anonymous_5)
FNDA:2,(anonymous_6)
DA:1,13
DA:2,13
DA:3,13
DA:4,13
DA:5,13
DA:6,13
DA:10,3
DA:11,3
DA:27,3
DA:28,1
DA:32,1
DA:36,3
DA:37,3
DA:38,2
DA:40,1
DA:44,2
DA:45,2
DA:46,2
DA:60,2
DA:61,1
DA:63,1
DA:65,1
DA:69,2
DA:70,2
DA:75,1
DA:77,1
DA:81,2
DA:82,2
DA:83,2
DA:84,1
DA:86,1
DA:90,2
DA:91,2
DA:92,2
DA:93,1
DA:95,1
DA:99,2
DA:101,2
DA:102,2
DA:103,1
DA:105,1
DA:110,13
LF:42
LH:42
BRDA:27,0,0,1
BRDA:27,0,1,2
BRDA:27,1,0,3
BRDA:27,1,1,3
BRDA:60,2,0,1
BRDA:60,2,1,1
BRF:6
BRH:6
end_of_record
TN:
SF:controllers\UserContoller.js
FN:7,(anonymous_0)
FN:27,(anonymous_1)
FN:43,(anonymous_2)
FN:68,(anonymous_3)
FNF:4
FNH:4
FNDA:10,(anonymous_0)
FNDA:1,(anonymous_1)
FNDA:10,(anonymous_2)
FNDA:2,(anonymous_3)
DA:1,13
DA:2,13
DA:3,13
DA:4,13
DA:8,10
DA:9,10
DA:10,10
DA:11,10
DA:12,10
DA:19,10
DA:20,1
DA:21,1
DA:23,9
DA:28,1
DA:29,1
DA:30,1
DA:31,1
DA:32,0
DA:34,1
DA:35,1
DA:36,1
DA:37,1
DA:39,1
DA:44,10
DA:45,10
DA:46,10
DA:47,10
DA:48,2
DA:51,8
DA:52,8
DA:53,1
DA:56,7
DA:57,1
DA:60,6
DA:61,6
DA:62,6
DA:64,4
DA:69,2
DA:70,2
DA:71,2
DA:77,1
DA:79,1
DA:83,13
LF:43
LH:42
BRDA:31,0,0,0
BRDA:31,0,1,1
BRDA:47,1,0,2
BRDA:47,1,1,8
BRDA:52,2,0,1
BRDA:52,2,1,7
BRDA:56,3,0,1
BRDA:56,3,1,6
BRF:8
BRH:7
end_of_record
TN:
SF:controllers\favoriteController.js
FN:5,(anonymous_0)
FN:23,(anonymous_1)
FN:50,(anonymous_2)
FN:65,(anonymous_3)
FNF:4
FNH:4
FNDA:2,(anonymous_0)
FNDA:3,(anonymous_1)
FNDA:1,(anonymous_2)
FNDA:2,(anonymous_3)
DA:1,13
DA:2,13
DA:6,2
DA:7,2
DA:8,2
DA:11,2
DA:12,1
DA:14,1
DA:15,1
DA:16,1
DA:20,1
DA:24,3
DA:25,3
DA:26,3
DA:49,3
DA:50,1
DA:54,1
DA:58,3
DA:59,3
DA:60,2
DA:62,1
DA:66,2
DA:67,2
DA:69,2
DA:70,2
DA:71,1
DA:73,1
DA:74,1
DA:78,1
DA:79,1
DA:84,13
LF:31
LH:31
BRDA:11,0,0,1
BRDA:11,0,1,1
BRDA:49,1,0,1
BRDA:49,1,1,2
BRDA:49,2,0,3
BRDA:49,2,1,3
BRDA:70,3,0,1
BRDA:70,3,1,1
BRF:8
BRH:8
end_of_record
TN:
SF:controllers\paymentController.js
FN:6,(anonymous_0)
FNF:1
FNH:1
FNDA:3,(anonymous_0)
DA:1,13
DA:2,13
DA:3,13
DA:7,3
DA:8,3
DA:9,3
DA:10,1
DA:13,2
DA:14,2
DA:15,1
DA:17,2
DA:21,13
LF:12
LH:12
BRDA:9,0,0,1
BRDA:9,0,1,2
BRF:2
BRH:2
end_of_record
TN:
SF:controllers\productController.js
FN:4,(anonymous_0)
FN:19,(anonymous_1)
FNF:2
FNH:2
FNDA:2,(anonymous_0)
FNDA:2,(anonymous_1)
DA:1,13
DA:5,2
DA:6,2
DA:14,1
DA:16,1
DA:20,2
DA:21,2
DA:22,2
DA:25,2
DA:26,1
DA:28,1
DA:30,1
DA:35,13
LF:13
LH:13
BRDA:25,0,0,1
BRDA:25,0,1,1
BRF:2
BRH:2
end_of_record
TN:
SF:helpers\index.js
FN:5,(anonymous_0)
FN:6,(anonymous_1)
FN:10,(anonymous_2)
FN:11,(anonymous_3)
FNF:4
FNH:4
FNDA:20,(anonymous_0)
FNDA:8,(anonymous_1)
FNDA:6,(anonymous_2)
FNDA:14,(anonymous_3)
DA:1,13
DA:2,13
DA:5,20
DA:6,13
DA:7,8
DA:10,13
DA:11,14
DA:13,13
LF:8
LH:8
BRF:0
BRH:0
end_of_record
TN:
SF:helpers\nodemailer.js
FN:4,(anonymous_0)
FNF:1
FNH:1
FNDA:1,(anonymous_0)
DA:1,13
DA:3,13
DA:5,1
DA:6,1
DA:7,1
DA:8,1
DA:17,1
DA:32,1
DA:36,1
DA:62,1
DA:63,0
DA:64,0
DA:69,13
LF:13
LH:11
BRDA:33,0,0,1
BRDA:33,0,1,0
BRF:2
BRH:1
end_of_record
TN:
SF:helpers\nodemailerSubs.js
FN:4,(anonymous_0)
FNF:1
FNH:1
FNDA:2,(anonymous_0)
DA:1,13
DA:3,13
DA:5,2
DA:6,2
DA:15,2
DA:30,2
DA:34,2
DA:63,2
DA:64,0
DA:65,0
DA:70,13
LF:11
LH:9
BRDA:31,0,0,2
BRDA:31,0,1,0
BRF:2
BRH:1
end_of_record
TN:
SF:helpers\payment.js
FN:4,(anonymous_0)
FNF:1
FNH:0
FNDA:0,(anonymous_0)
DA:1,11
DA:2,11
DA:4,11
DA:5,0
DA:11,0
DA:25,0
DA:26,0
DA:29,11
LF:8
LH:4
BRF:0
BRH:0
end_of_record
TN:
SF:helpers\randomString.js
FN:1,(anonymous_0)
FNF:1
FNH:1
FNDA:10,(anonymous_0)
DA:1,13
DA:2,10
DA:3,10
DA:4,10
DA:5,80
DA:6,80
DA:8,10
DA:11,13
LF:8
LH:8
BRF:0
BRH:0
end_of_record
TN:
SF:helpers\spotify.js
FN:3,(anonymous_0)
FNF:1
FNH:0
FNDA:0,(anonymous_0)
DA:1,11
DA:3,11
DA:4,0
DA:13,0
DA:14,0
DA:17,11
LF:6
LH:3
BRF:0
BRH:0
end_of_record
TN:
SF:helpers\youtube.js
FN:3,(anonymous_0)
FNF:1
FNH:0
FNDA:0,(anonymous_0)
DA:1,11
DA:3,11
DA:4,0
DA:13,0
DA:14,0
DA:17,11
LF:6
LH:3
BRF:0
BRH:0
end_of_record
TN:
SF:helpers\youtubeLive.js
FN:3,(anonymous_0)
FNF:1
FNH:0
FNDA:0,(anonymous_0)
DA:1,11
DA:3,11
DA:4,0
DA:13,0
DA:14,0
DA:17,11
LF:6
LH:3
BRF:0
BRH:0
end_of_record
TN:
SF:middlewares\errorHandler.js
FN:1,(anonymous_0)
FNF:1
FNH:1
FNDA:31,(anonymous_0)
DA:1,13
DA:2,31
DA:3,31
DA:4,31
DA:6,31
DA:8,3
DA:9,3
DA:10,3
DA:13,9
DA:14,9
DA:15,9
DA:17,1
DA:18,1
DA:19,1
DA:22,3
DA:23,3
DA:24,3
DA:26,4
DA:27,4
DA:28,4
DA:30,1
DA:31,1
DA:32,1
DA:34,31
LF:24
LH:24
BRDA:6,0,0,3
BRDA:6,0,1,8
BRDA:6,0,2,9
BRDA:6,0,3,1
BRDA:6,0,4,2
BRDA:6,0,5,3
BRDA:6,0,6,4
BRDA:6,0,7,1
BRF:8
BRH:8
end_of_record
TN:
SF:middlewares\index.js
FN:4,authentication
FNF:1
FNH:1
FNDA:15,authentication
DA:1,13
DA:2,13
DA:5,15
DA:6,15
DA:7,15
DA:8,15
DA:9,1
DA:12,14
DA:14,13
DA:15,0
DA:18,13
DA:20,13
DA:21,1
DA:24,12
DA:30,12
DA:32,3
DA:36,13
LF:17
LH:16
BRDA:8,0,0,1
BRDA:8,0,1,14
BRDA:14,1,0,0
BRDA:14,1,1,13
BRDA:20,2,0,1
BRDA:20,2,1,12
BRF:6
BRH:5
end_of_record
TN:
SF:models\branch.js
FN:5,(anonymous_0)
FN:12,(anonymous_1)
FNF:2
FNH:2
FNDA:13,(anonymous_0)
FNDA:13,(anonymous_1)
DA:4,13
DA:5,13
DA:14,13
DA:17,13
DA:23,13
LF:5
LH:5
BRF:0
BRH:0
end_of_record
TN:
SF:models\favorite.js
FN:5,(anonymous_0)
FN:12,(anonymous_1)
FNF:2
FNH:2
FNDA:13,(anonymous_0)
FNDA:13,(anonymous_1)
DA:4,13
DA:5,13
DA:14,13
DA:15,13
DA:18,13
DA:25,13
LF:6
LH:6
BRF:0
BRH:0
end_of_record
TN:
SF:models\idol.js
FN:5,(anonymous_0)
FN:12,(anonymous_1)
FNF:2
FNH:2
FNDA:13,(anonymous_0)
FNDA:13,(anonymous_1)
DA:4,13
DA:5,13
DA:14,13
DA:15,13
DA:16,13
DA:19,13
DA:38,13
LF:7
LH:7
BRF:0
BRH:0
end_of_record
TN:
SF:models\index.js
FN:21,(anonymous_0)
FN:29,(anonymous_1)
FN:34,(anonymous_2)
FNF:3
FNH:3
FNDA:78,(anonymous_0)
FNDA:65,(anonymous_1)
FNDA:65,(anonymous_2)
DA:3,13
DA:4,13
DA:5,13
DA:6,13
DA:7,13
DA:8,13
DA:9,13
DA:10,13
DA:13,13
DA:14,0
DA:16,13
DA:19,13
DA:22,78
DA:30,65
DA:31,65
DA:34,13
DA:35,65
DA:36,65
DA:40,13
DA:41,13
DA:43,13
LF:21
LH:20
BRDA:8,0,0,13
BRDA:8,0,1,0
BRDA:13,1,0,0
BRDA:13,1,1,13
BRDA:23,2,0,78
BRDA:23,2,1,78
BRDA:23,2,2,65
BRDA:23,2,3,65
BRDA:35,3,0,65
BRDA:35,3,1,0
BRF:10
BRH:7
end_of_record
TN:
SF:models\products.js
FN:5,(anonymous_0)
FN:12,(anonymous_1)
FNF:2
FNH:2
FNDA:13,(anonymous_0)
FNDA:13,(anonymous_1)
DA:4,13
DA:5,13
DA:14,13
DA:17,13
DA:27,13
LF:5
LH:5
BRF:0
BRH:0
end_of_record
TN:
SF:models\user.js
FN:4,(anonymous_0)
FN:11,(anonymous_1)
FN:58,(anonymous_2)
FNF:3
FNH:3
FNDA:13,(anonymous_0)
FNDA:13,(anonymous_1)
FNDA:2,(anonymous_2)
DA:2,13
DA:3,13
DA:4,13
DA:13,13
DA:16,13
DA:58,13
DA:59,2
DA:60,2
DA:61,2
DA:63,13
LF:10
LH:10
BRF:0
BRH:0
end_of_record
TN:
SF:routers\favoriteRoutes.js
FNF:0
FNH:0
DA:1,13
DA:2,13
DA:3,13
DA:4,13
DA:6,13
DA:7,13
DA:8,13
DA:10,13
LF:8
LH:8
BRF:0
BRH:0
end_of_record
TN:
SF:routers\idolRoutes.js
FNF:0
FNH:0
DA:1,13
DA:2,13
DA:3,13
DA:5,13
DA:6,13
DA:7,13
DA:8,13
DA:9,13
DA:10,13
DA:14,13
LF:10
LH:10
BRF:0
BRH:0
end_of_record
TN:
SF:routers\index.js
FNF:0
FNH:0
DA:1,13
DA:2,13
DA:3,13
DA:4,13
DA:5,13
DA:6,13
DA:7,13
DA:9,13
DA:10,13
DA:11,13
DA:12,13
DA:13,13
DA:15,13
LF:13
LH:13
BRF:0
BRH:0
end_of_record
TN:
SF:routers\paymentRoutes.js
FNF:0
FNH:0
DA:1,13
DA:2,13
DA:3,13
DA:4,13
DA:6,13
DA:8,13
LF:6
LH:6
BRF:0
BRH:0
end_of_record
TN:
SF:routers\productRoutes.js
FNF:0
FNH:0
DA:1,13
DA:2,13
DA:3,13
DA:5,13
DA:6,13
DA:8,13
LF:6
LH:6
BRF:0
BRH:0
end_of_record
TN:
SF:routers\userRoutes.js
FNF:0
FNH:0
DA:1,13
DA:2,13
DA:3,13
DA:4,13
DA:6,13
DA:7,13
DA:8,13
DA:9,13
DA:11,13
LF:9
LH:9
BRF:0
BRH:0
end_of_record
